<?xml version="1.0" encoding="UTF-8"?>
<!-- Generated by org.testng.reporters.JUnitXMLReporter -->
<testsuite ignored="0" hostname="LTIN397212" failures="0" tests="8" name="Default test" time="0.115" errors="0" timestamp="2024-02-02T15:01:49 IST">
  <testcase classname="testNG.testNG.MakemyTrip" name="@BeforeTest open_MMT" time="-1.706866309195E9">
    <failure type="org.testng.TestNGException" message="
Parameter &amp;apos;browser&amp;apos; is required by BeforeTest on method open_MMT but has not been marked @Optional or defined
in C:\Users\2148164\AppData\Local\Temp\1\testng-eclipse-1751323386\testng-customsuite.xml">
      <![CDATA[org.testng.TestNGException: 
Parameter 'browser' is required by BeforeTest on method open_MMT but has not been marked @Optional or defined
in C:\Users\2148164\AppData\Local\Temp\1\testng-eclipse-1751323386\testng-customsuite.xml
at org.testng.internal.Parameters.createParams(Parameters.java:267)
at org.testng.internal.Parameters.createParametersForMethod(Parameters.java:355)
at org.testng.internal.Parameters.createParameters(Parameters.java:684)
at org.testng.internal.Parameters.createConfigurationParameters(Parameters.java:166)
at org.testng.internal.invokers.ConfigInvoker.invokeConfigurations(ConfigInvoker.java:306)
at org.testng.TestRunner.invokeTestConfigurations(TestRunner.java:663)
at org.testng.TestRunner.beforeRun(TestRunner.java:652)
at org.testng.TestRunner.run(TestRunner.java:614)
at org.testng.SuiteRunner.runTest(SuiteRunner.java:443)
at org.testng.SuiteRunner.runSequentially(SuiteRunner.java:437)
at org.testng.SuiteRunner.privateRun(SuiteRunner.java:397)
at org.testng.SuiteRunner.run(SuiteRunner.java:336)
at org.testng.SuiteRunnerWorker.runSuite(SuiteRunnerWorker.java:52)
at org.testng.SuiteRunnerWorker.run(SuiteRunnerWorker.java:95)
at org.testng.TestNG.runSuitesSequentially(TestNG.java:1280)
at org.testng.TestNG.runSuitesLocally(TestNG.java:1200)
at org.testng.TestNG.runSuites(TestNG.java:1114)
at org.testng.TestNG.run(TestNG.java:1082)
at org.testng.remote.AbstractRemoteTestNG.run(AbstractRemoteTestNG.java:115)
at org.testng.remote.RemoteTestNG.initAndRun(RemoteTestNG.java:251)
at org.testng.remote.RemoteTestNG.main(RemoteTestNG.java:77)
]]>
    </failure>
  </testcase> <!-- @BeforeTest open_MMT -->
  <testcase classname="testNG.testNG.MakemyTrip" name="FROM" time="0.0">
    <skipped/>
  </testcase> <!-- FROM -->
  <testcase classname="testNG.testNG.MakemyTrip" name="departureDate_selection" time="0.0">
    <skipped/>
  </testcase> <!-- departureDate_selection -->
  <testcase classname="testNG.testNG.MakemyTrip" name="Return_Date" time="0.0">
    <skipped/>
  </testcase> <!-- Return_Date -->
  <testcase classname="testNG.testNG.MakemyTrip" name="Details" time="0.0">
    <skipped/>
  </testcase> <!-- Details -->
  <testcase classname="testNG.testNG.MakemyTrip" name="window_Swt" time="0.0">
    <skipped/>
  </testcase> <!-- window_Swt -->
  <testcase classname="testNG.testNG.MakemyTrip" name="coust_details" time="0.0">
    <skipped/>
  </testcase> <!-- coust_details -->
  <testcase classname="testNG.testNG.MakemyTrip" name="per_details" time="0.0">
    <skipped/>
  </testcase> <!-- per_details -->
  <testcase classname="testNG.testNG.MakemyTrip" name="otheraction" time="0.0">
    <skipped/>
  </testcase> <!-- otheraction -->
</testsuite> <!-- Default test -->
